CRITICAL - 2024-12-06 12:43:01 --> CodeIgniter\View\Exceptions\ViewException: Invalid file: "Auth/login.php"
[Method: GET, Route: Auth]
in SYSTEMPATH\Exceptions\FrameworkException.php on line 41.
 1 SYSTEMPATH\View\View.php(222): CodeIgniter\Exceptions\FrameworkException::forInvalidFile('Auth/login.php')
 2 SYSTEMPATH\Common.php(1171): CodeIgniter\View\View->render('Auth/login', [], true)
 3 APPPATH\Controllers\Home.php(9): view('Auth/login')
 4 SYSTEMPATH\CodeIgniter.php(933): App\Controllers\Home->index()
 5 SYSTEMPATH\CodeIgniter.php(509): CodeIgniter\CodeIgniter->runController(Object(App\Controllers\Home))
 6 SYSTEMPATH\CodeIgniter.php(355): CodeIgniter\CodeIgniter->handleRequest(null, Object(Config\Cache), false)
 7 SYSTEMPATH\Boot.php(325): CodeIgniter\CodeIgniter->run()
 8 SYSTEMPATH\Boot.php(67): CodeIgniter\Boot::runCodeIgniter(Object(CodeIgniter\CodeIgniter))
 9 FCPATH\index.php(56): CodeIgniter\Boot::bootWeb(Object(Config\Paths))
10 SYSTEMPATH\rewrite.php(44): require_once('C:\\xampp\\htdocs\\DTMS\\public\\index.php')
CRITICAL - 2024-12-06 12:43:04 --> CodeIgniter\View\Exceptions\ViewException: Invalid file: "Auth/login.php"
[Method: GET, Route: Auth]
in SYSTEMPATH\Exceptions\FrameworkException.php on line 41.
 1 SYSTEMPATH\View\View.php(222): CodeIgniter\Exceptions\FrameworkException::forInvalidFile('Auth/login.php')
 2 SYSTEMPATH\Common.php(1171): CodeIgniter\View\View->render('Auth/login', [], true)
 3 APPPATH\Controllers\Home.php(9): view('Auth/login')
 4 SYSTEMPATH\CodeIgniter.php(933): App\Controllers\Home->index()
 5 SYSTEMPATH\CodeIgniter.php(509): CodeIgniter\CodeIgniter->runController(Object(App\Controllers\Home))
 6 SYSTEMPATH\CodeIgniter.php(355): CodeIgniter\CodeIgniter->handleRequest(null, Object(Config\Cache), false)
 7 SYSTEMPATH\Boot.php(325): CodeIgniter\CodeIgniter->run()
 8 SYSTEMPATH\Boot.php(67): CodeIgniter\Boot::runCodeIgniter(Object(CodeIgniter\CodeIgniter))
 9 FCPATH\index.php(56): CodeIgniter\Boot::bootWeb(Object(Config\Paths))
10 SYSTEMPATH\rewrite.php(44): require_once('C:\\xampp\\htdocs\\DTMS\\public\\index.php')
CRITICAL - 2024-12-06 13:14:20 --> CodeIgniter\View\Exceptions\ViewException: Invalid file: "Dashboard/researcher.php"
[Method: GET, Route: research-dashboard]
in SYSTEMPATH\Exceptions\FrameworkException.php on line 41.
 1 SYSTEMPATH\View\View.php(222): CodeIgniter\Exceptions\FrameworkException::forInvalidFile('Dashboard/researcher.php')
 2 SYSTEMPATH\Common.php(1171): CodeIgniter\View\View->render('Dashboard/researcher', [], true)
 3 APPPATH\Controllers\ResearcherController.php(12): view('Dashboard/researcher')
 4 SYSTEMPATH\CodeIgniter.php(933): App\Controllers\ResearcherController->index()
 5 SYSTEMPATH\CodeIgniter.php(509): CodeIgniter\CodeIgniter->runController(Object(App\Controllers\ResearcherController))
 6 SYSTEMPATH\CodeIgniter.php(355): CodeIgniter\CodeIgniter->handleRequest(null, Object(Config\Cache), false)
 7 SYSTEMPATH\Boot.php(325): CodeIgniter\CodeIgniter->run()
 8 SYSTEMPATH\Boot.php(67): CodeIgniter\Boot::runCodeIgniter(Object(CodeIgniter\CodeIgniter))
 9 FCPATH\index.php(56): CodeIgniter\Boot::bootWeb(Object(Config\Paths))
10 SYSTEMPATH\rewrite.php(44): require_once('C:\\xampp\\htdocs\\DTMS\\public\\index.php')
CRITICAL - 2024-12-06 13:19:05 --> CodeIgniter\View\Exceptions\ViewException: Invalid file: "Dashboard/researcher.php"
[Method: GET, Route: researcher-dashboard]
in SYSTEMPATH\Exceptions\FrameworkException.php on line 41.
 1 SYSTEMPATH\View\View.php(222): CodeIgniter\Exceptions\FrameworkException::forInvalidFile('Dashboard/researcher.php')
 2 SYSTEMPATH\Common.php(1171): CodeIgniter\View\View->render('Dashboard/researcher', [], true)
 3 APPPATH\Controllers\ResearcherController.php(12): view('Dashboard/researcher')
 4 SYSTEMPATH\CodeIgniter.php(933): App\Controllers\ResearcherController->index()
 5 SYSTEMPATH\CodeIgniter.php(509): CodeIgniter\CodeIgniter->runController(Object(App\Controllers\ResearcherController))
 6 SYSTEMPATH\CodeIgniter.php(355): CodeIgniter\CodeIgniter->handleRequest(null, Object(Config\Cache), false)
 7 SYSTEMPATH\Boot.php(325): CodeIgniter\CodeIgniter->run()
 8 SYSTEMPATH\Boot.php(67): CodeIgniter\Boot::runCodeIgniter(Object(CodeIgniter\CodeIgniter))
 9 FCPATH\index.php(56): CodeIgniter\Boot::bootWeb(Object(Config\Paths))
10 SYSTEMPATH\rewrite.php(44): require_once('C:\\xampp\\htdocs\\DTMS\\public\\index.php')
