CRITICAL - 2024-11-30 03:11:34 --> CodeIgniter\View\Exceptions\ViewException: Invalid file: "/Dashboard.php"
[Method: GET, Route: Dashboard]
in SYSTEMPATH\Exceptions\FrameworkException.php on line 41.
 1 SYSTEMPATH\View\View.php(222): CodeIgniter\Exceptions\FrameworkException::forInvalidFile('/Dashboard.php')
 2 SYSTEMPATH\Common.php(1171): CodeIgniter\View\View->render('/Dashboard', [], true)
 3 APPPATH\Controllers\DashboardController.php(12): view('/Dashboard')
 4 SYSTEMPATH\CodeIgniter.php(933): App\Controllers\DashboardController->index()
 5 SYSTEMPATH\CodeIgniter.php(509): CodeIgniter\CodeIgniter->runController(Object(App\Controllers\DashboardController))
 6 SYSTEMPATH\CodeIgniter.php(355): CodeIgniter\CodeIgniter->handleRequest(null, Object(Config\Cache), false)
 7 SYSTEMPATH\Boot.php(325): CodeIgniter\CodeIgniter->run()
 8 SYSTEMPATH\Boot.php(67): CodeIgniter\Boot::runCodeIgniter(Object(CodeIgniter\CodeIgniter))
 9 FCPATH\index.php(56): CodeIgniter\Boot::bootWeb(Object(Config\Paths))
10 SYSTEMPATH\rewrite.php(44): require_once('C:\\xampp\\htdocs\\DTMS\\public\\index.php')
CRITICAL - 2024-11-30 04:26:19 --> CodeIgniter\View\Exceptions\ViewException: Invalid file: "/Dashboard.php"
[Method: GET, Route: Dashboard]
in SYSTEMPATH\Exceptions\FrameworkException.php on line 41.
 1 SYSTEMPATH\View\View.php(222): CodeIgniter\Exceptions\FrameworkException::forInvalidFile('/Dashboard.php')
 2 SYSTEMPATH\Common.php(1171): CodeIgniter\View\View->render('/Dashboard', [], true)
 3 APPPATH\Controllers\DashboardController.php(12): view('/Dashboard')
 4 SYSTEMPATH\CodeIgniter.php(933): App\Controllers\DashboardController->index()
 5 SYSTEMPATH\CodeIgniter.php(509): CodeIgniter\CodeIgniter->runController(Object(App\Controllers\DashboardController))
 6 SYSTEMPATH\CodeIgniter.php(355): CodeIgniter\CodeIgniter->handleRequest(null, Object(Config\Cache), false)
 7 SYSTEMPATH\Boot.php(325): CodeIgniter\CodeIgniter->run()
 8 SYSTEMPATH\Boot.php(67): CodeIgniter\Boot::runCodeIgniter(Object(CodeIgniter\CodeIgniter))
 9 FCPATH\index.php(56): CodeIgniter\Boot::bootWeb(Object(Config\Paths))
10 SYSTEMPATH\rewrite.php(44): require_once('C:\\xampp\\htdocs\\DTMS\\public\\index.php')
CRITICAL - 2024-11-30 04:53:04 --> Error: Call to undefined method CodeIgniter\View\View::extends()
[Method: GET, Route: Dashboard]
in APPPATH\Views\Dashboard\admin.php on line 5.
 1 SYSTEMPATH\View\View.php(234): include()
 2 SYSTEMPATH\View\View.php(237): CodeIgniter\View\View->CodeIgniter\View\{closure}()
 3 SYSTEMPATH\Common.php(1171): CodeIgniter\View\View->render('/Dashboard/admin', [], true)
 4 APPPATH\Controllers\DashboardController.php(12): view('/Dashboard/admin')
 5 SYSTEMPATH\CodeIgniter.php(933): App\Controllers\DashboardController->index()
 6 SYSTEMPATH\CodeIgniter.php(509): CodeIgniter\CodeIgniter->runController(Object(App\Controllers\DashboardController))
 7 SYSTEMPATH\CodeIgniter.php(355): CodeIgniter\CodeIgniter->handleRequest(null, Object(Config\Cache), false)
 8 SYSTEMPATH\Boot.php(325): CodeIgniter\CodeIgniter->run()
 9 SYSTEMPATH\Boot.php(67): CodeIgniter\Boot::runCodeIgniter(Object(CodeIgniter\CodeIgniter))
10 FCPATH\index.php(56): CodeIgniter\Boot::bootWeb(Object(Config\Paths))
11 SYSTEMPATH\rewrite.php(44): require_once('C:\\xampp\\htdocs\\DTMS\\public\\index.php')
CRITICAL - 2024-11-30 04:53:34 --> CodeIgniter\View\Exceptions\ViewException: Invalid file: "components/buttons.php"
[Method: GET, Route: Dashboard]
in SYSTEMPATH\Exceptions\FrameworkException.php on line 41.
 1 SYSTEMPATH\View\View.php(222): CodeIgniter\Exceptions\FrameworkException::forInvalidFile('components/buttons.php')
 2 SYSTEMPATH\View\View.php(250): CodeIgniter\View\View->render('components/buttons', [], true)
 3 SYSTEMPATH\Common.php(1171): CodeIgniter\View\View->render('/Dashboard/admin', [], true)
 4 APPPATH\Controllers\DashboardController.php(12): view('/Dashboard/admin')
 5 SYSTEMPATH\CodeIgniter.php(933): App\Controllers\DashboardController->index()
 6 SYSTEMPATH\CodeIgniter.php(509): CodeIgniter\CodeIgniter->runController(Object(App\Controllers\DashboardController))
 7 SYSTEMPATH\CodeIgniter.php(355): CodeIgniter\CodeIgniter->handleRequest(null, Object(Config\Cache), false)
 8 SYSTEMPATH\Boot.php(325): CodeIgniter\CodeIgniter->run()
 9 SYSTEMPATH\Boot.php(67): CodeIgniter\Boot::runCodeIgniter(Object(CodeIgniter\CodeIgniter))
10 FCPATH\index.php(56): CodeIgniter\Boot::bootWeb(Object(Config\Paths))
11 SYSTEMPATH\rewrite.php(44): require_once('C:\\xampp\\htdocs\\DTMS\\public\\index.php')
CRITICAL - 2024-11-30 04:53:59 --> CodeIgniter\View\Exceptions\ViewException: Invalid file: "public/components/buttons.php"
[Method: GET, Route: Dashboard]
in SYSTEMPATH\Exceptions\FrameworkException.php on line 41.
 1 SYSTEMPATH\View\View.php(222): CodeIgniter\Exceptions\FrameworkException::forInvalidFile('public/components/buttons.php')
 2 SYSTEMPATH\View\View.php(250): CodeIgniter\View\View->render('public/components/buttons', [], true)
 3 SYSTEMPATH\Common.php(1171): CodeIgniter\View\View->render('/Dashboard/admin', [], true)
 4 APPPATH\Controllers\DashboardController.php(12): view('/Dashboard/admin')
 5 SYSTEMPATH\CodeIgniter.php(933): App\Controllers\DashboardController->index()
 6 SYSTEMPATH\CodeIgniter.php(509): CodeIgniter\CodeIgniter->runController(Object(App\Controllers\DashboardController))
 7 SYSTEMPATH\CodeIgniter.php(355): CodeIgniter\CodeIgniter->handleRequest(null, Object(Config\Cache), false)
 8 SYSTEMPATH\Boot.php(325): CodeIgniter\CodeIgniter->run()
 9 SYSTEMPATH\Boot.php(67): CodeIgniter\Boot::runCodeIgniter(Object(CodeIgniter\CodeIgniter))
10 FCPATH\index.php(56): CodeIgniter\Boot::bootWeb(Object(Config\Paths))
11 SYSTEMPATH\rewrite.php(44): require_once('C:\\xampp\\htdocs\\DTMS\\public\\index.php')
CRITICAL - 2024-11-30 04:54:00 --> CodeIgniter\View\Exceptions\ViewException: Invalid file: "public/components/buttons.php"
[Method: GET, Route: Dashboard]
in SYSTEMPATH\Exceptions\FrameworkException.php on line 41.
 1 SYSTEMPATH\View\View.php(222): CodeIgniter\Exceptions\FrameworkException::forInvalidFile('public/components/buttons.php')
 2 SYSTEMPATH\View\View.php(250): CodeIgniter\View\View->render('public/components/buttons', [], true)
 3 SYSTEMPATH\Common.php(1171): CodeIgniter\View\View->render('/Dashboard/admin', [], true)
 4 APPPATH\Controllers\DashboardController.php(12): view('/Dashboard/admin')
 5 SYSTEMPATH\CodeIgniter.php(933): App\Controllers\DashboardController->index()
 6 SYSTEMPATH\CodeIgniter.php(509): CodeIgniter\CodeIgniter->runController(Object(App\Controllers\DashboardController))
 7 SYSTEMPATH\CodeIgniter.php(355): CodeIgniter\CodeIgniter->handleRequest(null, Object(Config\Cache), false)
 8 SYSTEMPATH\Boot.php(325): CodeIgniter\CodeIgniter->run()
 9 SYSTEMPATH\Boot.php(67): CodeIgniter\Boot::runCodeIgniter(Object(CodeIgniter\CodeIgniter))
10 FCPATH\index.php(56): CodeIgniter\Boot::bootWeb(Object(Config\Paths))
11 SYSTEMPATH\rewrite.php(44): require_once('C:\\xampp\\htdocs\\DTMS\\public\\index.php')
